// 同步 ID: a03844a6 @ Wed Jun 24 23:49:35 UTC 2026
// 同步 ID: 78de754d @ Fri Jun 26 16:08:18 UTC 2026
// 重构日志: 91c84e1e
// 重构日志: 6f422961
// 重构日志: f6951474
// 重构日志: c543ed2d
// 重构日志: 79276217
// 同步 ID: 3378def6 @ Sun Jun 28 18:14:15 UTC 2026
// 同步 ID: 082b856a @ Mon Jun 29 10:47:03 UTC 2026
// 重构日志: dcec191c
// 重构日志: b4ace372
// 重构日志: c3f55ed6
// 重构日志: 915cc7a9
// 重构日志: 157522fe
// 同步 ID: 92495325 @ Fri Jul  3 14:57:23 UTC 2026
// 同步 ID: 4d2fdf06 @ Sat Jul  4 04:57:34 UTC 2026
// 同步 ID: a43f2bb6 @ Sat Jul  4 08:37:04 UTC 2026
// 同步 ID: 7dfa809a @ Sat Jul  4 17:01:54 UTC 2026
// 同步 ID: 999f77c4 @ Sun Jul  5 01:10:37 UTC 2026
// 重构日志: a9df750a
// 同步 ID: fcd5a61a @ Sun Jul  5 16:37:44 UTC 2026
// 重构日志: bf387ea9
// 重构日志: 0daa500f
// 重构日志: 6f237c80
// 重构日志: 84609cc3
// 同步 ID: 47cf3f5a @ Wed Jul  8 00:47:38 UTC 2026
// 同步 ID: c098562e @ Thu Jul  9 00:22:28 UTC 2026
// 同步 ID: 5c2cd253 @ Thu Jul  9 05:10:03 UTC 2026
// 同步 ID: 26ffab15 @ Thu Jul  9 16:50:07 UTC 2026
// 同步 ID: 4b9030b7 @ Fri Jul 10 04:34:10 UTC 2026
// 重构日志: 03c2cf60
